# JRE version: OpenJDK Runtime Environment (8.0_202-b03) (build 1.8.0_202-release-1483-b03)
# Java VM: OpenJDK 64-Bit Server VM (25.202-b03 mixed mode windows-amd64 compressed oops)
Heap:
 PSYoungGen      total 458240K, used 58721K [0x00000000e0000000, 0x0000000100000000, 0x0000000100000000)
  eden space 402944K, 4% used [0x00000000e0000000,0x00000000e10b8cf8,0x00000000f8980000)
  from space 55296K, 75% used [0x00000000fc300000,0x00000000feb9fa90,0x00000000ff900000)
  to   space 58880K, 0% used [0x00000000f8980000,0x00000000f8980000,0x00000000fc300000)
 ParOldGen       total 211456K, used 151360K [0x00000000a0000000, 0x00000000ace80000, 0x00000000e0000000)
  object space 211456K, 71% used [0x00000000a0000000,0x00000000a93d03d8,0x00000000ace80000)
 Metaspace       used 134517K, capacity 140091K, committed 140376K, reserved 1171456K
  class space    used 16874K, capacity 18012K, committed 18048K, reserved 1048576K
GC Heap History (10 events):
Event: 3786.051 GC heap before
{Heap before GC invocations=47 (full 5):
 PSYoungGen      total 393728K, used 376609K [0x00000000e0000000, 0x00000000fc480000, 0x0000000100000000)
  eden space 347648K, 100% used [0x00000000e0000000,0x00000000f5380000,0x00000000f5380000)
  from space 46080K, 62% used [0x00000000f5380000,0x00000000f6fc8568,0x00000000f8080000)
  to   space 47616K, 0% used [0x00000000f9600000,0x00000000f9600000,0x00000000fc480000)
 ParOldGen       total 211456K, used 133619K [0x00000000a0000000, 0x00000000ace80000, 0x00000000e0000000)
  object space 211456K, 63% used [0x00000000a0000000,0x00000000a827cd38,0x00000000ace80000)
 Metaspace       used 98251K, capacity 103148K, committed 103384K, reserved 1138688K
  class space    used 12491K, capacity 13457K, committed 13568K, reserved 1048576K
Event: 3786.109 GC heap after
Heap after GC invocations=47 (full 5):
 PSYoungGen      total 410624K, used 24290K [0x00000000e0000000, 0x00000000fc100000, 0x0000000100000000)
  eden space 366592K, 0% used [0x00000000e0000000,0x00000000e0000000,0x00000000f6600000)
  from space 44032K, 55% used [0x00000000f9600000,0x00000000fadb8b38,0x00000000fc100000)
  to   space 46592K, 0% used [0x00000000f6600000,0x00000000f6600000,0x00000000f9380000)
 ParOldGen       total 211456K, used 133627K [0x00000000a0000000, 0x00000000ace80000, 0x00000000e0000000)
  object space 211456K, 63% used [0x00000000a0000000,0x00000000a827ed38,0x00000000ace80000)
 Metaspace       used 98251K, capacity 103148K, committed 103384K, reserved 1138688K
  class space    used 12491K, capacity 13457K, committed 13568K, reserved 1048576K
}
Event: 3795.936 GC heap before
{Heap before GC invocations=48 (full 5):
 PSYoungGen      total 410624K, used 390882K [0x00000000e0000000, 0x00000000fc100000, 0x0000000100000000)
  eden space 366592K, 100% used [0x00000000e0000000,0x00000000f6600000,0x00000000f6600000)
  from space 44032K, 55% used [0x00000000f9600000,0x00000000fadb8b38,0x00000000fc100000)
  to   space 46592K, 0% used [0x00000000f6600000,0x00000000f6600000,0x00000000f9380000)
 ParOldGen       total 211456K, used 133627K [0x00000000a0000000, 0x00000000ace80000, 0x00000000e0000000)
  object space 211456K, 63% used [0x00000000a0000000,0x00000000a827ed38,0x00000000ace80000)
 Metaspace       used 98340K, capacity 103248K, committed 103384K, reserved 1138688K
  class space    used 12497K, capacity 13467K, committed 13568K, reserved 1048576K
Event: 3796.013 GC heap after
Heap after GC invocations=48 (full 5):
 PSYoungGen      total 413184K, used 22894K [0x00000000e0000000, 0x00000000fd380000, 0x0000000100000000)
  eden space 366592K, 0% used [0x00000000e0000000,0x00000000e0000000,0x00000000f6600000)
  from space 46592K, 49% used [0x00000000f6600000,0x00000000f7c5b840,0x00000000f9380000)
  to   space 45056K, 0% used [0x00000000fa780000,0x00000000fa780000,0x00000000fd380000)
 ParOldGen       total 211456K, used 133627K [0x00000000a0000000, 0x00000000ace80000, 0x00000000e0000000)
  object space 211456K, 63% used [0x00000000a0000000,0x00000000a827ed38,0x00000000ace80000)
 Metaspace       used 98340K, capacity 103248K, committed 103384K, reserved 1138688K
  class space    used 12497K, capacity 13467K, committed 13568K, reserved 1048576K
}
Event: 3848.567 GC heap before
{Heap before GC invocations=49 (full 5):
 PSYoungGen      total 413184K, used 389478K [0x00000000e0000000, 0x00000000fd380000, 0x0000000100000000)
  eden space 366592K, 99% used [0x00000000e0000000,0x00000000f65fe3a8,0x00000000f6600000)
  from space 46592K, 49% used [0x00000000f6600000,0x00000000f7c5b840,0x00000000f9380000)
  to   space 45056K, 0% used [0x00000000fa780000,0x00000000fa780000,0x00000000fd380000)
 ParOldGen       total 211456K, used 133627K [0x00000000a0000000, 0x00000000ace80000, 0x00000000e0000000)
  object space 211456K, 63% used [0x00000000a0000000,0x00000000a827ed38,0x00000000ace80000)
 Metaspace       used 98669K, capacity 103640K, committed 103896K, reserved 1140736K
  class space    used 12503K, capacity 13469K, committed 13568K, reserved 1048576K
Event: 3848.718 GC heap after
Heap after GC invocations=49 (full 5):
 PSYoungGen      total 425472K, used 21537K [0x00000000e0000000, 0x00000000fcd80000, 0x0000000100000000)
  eden space 386560K, 0% used [0x00000000e0000000,0x00000000e0000000,0x00000000f7980000)
  from space 38912K, 55% used [0x00000000fa780000,0x00000000fbc88450,0x00000000fcd80000)
  to   space 43008K, 0% used [0x00000000f7980000,0x00000000f7980000,0x00000000fa380000)
 ParOldGen       total 211456K, used 133635K [0x00000000a0000000, 0x00000000ace80000, 0x00000000e0000000)
  object space 211456K, 63% used [0x00000000a0000000,0x00000000a8280d38,0x00000000ace80000)
 Metaspace       used 98669K, capacity 103640K, committed 103896K, reserved 1140736K
  class space    used 12503K, capacity 13469K, committed 13568K, reserved 1048576K
}
Event: 3881.752 GC heap before
{Heap before GC invocations=50 (full 5):
 PSYoungGen      total 425472K, used 408097K [0x00000000e0000000, 0x00000000fcd80000, 0x0000000100000000)
  eden space 386560K, 100% used [0x00000000e0000000,0x00000000f7980000,0x00000000f7980000)
  from space 38912K, 55% used [0x00000000fa780000,0x00000000fbc88450,0x00000000fcd80000)
  to   space 43008K, 0% used [0x00000000f7980000,0x00000000f7980000,0x00000000fa380000)
 ParOldGen       total 211456K, used 133635K [0x00000000a0000000, 0x00000000ace80000, 0x00000000e0000000)
  object space 211456K, 63% used [0x00000000a0000000,0x00000000a8280d38,0x00000000ace80000)
 Metaspace       used 130706K, capacity 136175K, committed 136408K, reserved 1167360K
  class space    used 16489K, capacity 17601K, committed 17664K, reserved 1048576K
Event: 3881.888 GC heap after
Heap after GC invocations=50 (full 5):
 PSYoungGen      total 429568K, used 43007K [0x00000000e0000000, 0x00000000ff900000, 0x0000000100000000)
  eden space 386560K, 0% used [0x00000000e0000000,0x00000000e0000000,0x00000000f7980000)
  from space 43008K, 99% used [0x00000000f7980000,0x00000000fa37ff08,0x00000000fa380000)
  to   space 55296K, 0% used [0x00000000fc300000,0x00000000fc300000,0x00000000ff900000)
 ParOldGen       total 211456K, used 149806K [0x00000000a0000000, 0x00000000ace80000, 0x00000000e0000000)
  object space 211456K, 70% used [0x00000000a0000000,0x00000000a924b968,0x00000000ace80000)
 Metaspace       used 130706K, capacity 136175K, committed 136408K, reserved 1167360K
  class space    used 16489K, capacity 17601K, committed 17664K, reserved 1048576K
}
Event: 3887.246 GC heap before
{Heap before GC invocations=51 (full 5):
 PSYoungGen      total 429568K, used 429567K [0x00000000e0000000, 0x00000000ff900000, 0x0000000100000000)
  eden space 386560K, 100% used [0x00000000e0000000,0x00000000f7980000,0x00000000f7980000)
  from space 43008K, 99% used [0x00000000f7980000,0x00000000fa37ff08,0x00000000fa380000)
  to   space 55296K, 0% used [0x00000000fc300000,0x00000000fc300000,0x00000000ff900000)
 ParOldGen       total 211456K, used 149806K [0x00000000a0000000, 0x00000000ace80000, 0x00000000e0000000)
  object space 211456K, 70% used [0x00000000a0000000,0x00000000a924b968,0x00000000ace80000)
 Metaspace       used 134517K, capacity 140091K, committed 140376K, reserved 1171456K
  class space    used 16874K, capacity 18012K, committed 18048K, reserved 1048576K
Event: 3887.470 GC heap after
Heap after GC invocations=51 (full 5):
 PSYoungGen      total 458240K, used 41598K [0x00000000e0000000, 0x0000000100000000, 0x0000000100000000)
  eden space 402944K, 0% used [0x00000000e0000000,0x00000000e0000000,0x00000000f8980000)
  from space 55296K, 75% used [0x00000000fc300000,0x00000000feb9fa90,0x00000000ff900000)
  to   space 58880K, 0% used [0x00000000f8980000,0x00000000f8980000,0x00000000fc300000)
 ParOldGen       total 211456K, used 151360K [0x00000000a0000000, 0x00000000ace80000, 0x00000000e0000000)
  object space 211456K, 71% used [0x00000000a0000000,0x00000000a93d03d8,0x00000000ace80000)
 Metaspace       used 134517K, capacity 140091K, committed 140376K, reserved 1171456K
  class space    used 16874K, capacity 18012K, committed 18048K, reserved 1048576K
}

